

Started GET "/" for 127.0.0.1 at 2015-10-09 22:36:51 -0700

ActiveRecord::PendingMigrationError (

Migrations are pending. To resolve this issue, run:

	bin/rake db:migrate RAILS_ENV=development

):
  activerecord (4.1.5) lib/active_record/migration.rb:389:in `check_pending!'
  activerecord (4.1.5) lib/active_record/migration.rb:377:in `call'
  actionpack (4.1.5) lib/action_dispatch/middleware/callbacks.rb:29:in `block in call'
  activesupport (4.1.5) lib/active_support/callbacks.rb:82:in `run_callbacks'
  actionpack (4.1.5) lib/action_dispatch/middleware/callbacks.rb:27:in `call'
  actionpack (4.1.5) lib/action_dispatch/middleware/reloader.rb:73:in `call'
  actionpack (4.1.5) lib/action_dispatch/middleware/remote_ip.rb:76:in `call'
  actionpack (4.1.5) lib/action_dispatch/middleware/debug_exceptions.rb:17:in `call'
  web-console (2.1.0) lib/web_console/middleware.rb:37:in `call'
  actionpack (4.1.5) lib/action_dispatch/middleware/show_exceptions.rb:30:in `call'
  railties (4.1.5) lib/rails/rack/logger.rb:38:in `call_app'
  railties (4.1.5) lib/rails/rack/logger.rb:20:in `block in call'
  activesupport (4.1.5) lib/active_support/tagged_logging.rb:68:in `block in tagged'
  activesupport (4.1.5) lib/active_support/tagged_logging.rb:26:in `tagged'
  activesupport (4.1.5) lib/active_support/tagged_logging.rb:68:in `tagged'
  railties (4.1.5) lib/rails/rack/logger.rb:20:in `call'
  actionpack (4.1.5) lib/action_dispatch/middleware/request_id.rb:21:in `call'
  rack (1.5.2) lib/rack/methodoverride.rb:21:in `call'
  rack (1.5.2) lib/rack/runtime.rb:17:in `call'
  activesupport (4.1.5) lib/active_support/cache/strategy/local_cache_middleware.rb:26:in `call'
  rack (1.5.2) lib/rack/lock.rb:17:in `call'
  actionpack (4.1.5) lib/action_dispatch/middleware/static.rb:64:in `call'
  rack (1.5.2) lib/rack/sendfile.rb:112:in `call'
  railties (4.1.5) lib/rails/engine.rb:514:in `call'
  railties (4.1.5) lib/rails/application.rb:144:in `call'
  rack (1.5.2) lib/rack/lock.rb:17:in `call'
  rack (1.5.2) lib/rack/content_length.rb:14:in `call'
  rack (1.5.2) lib/rack/handler/webrick.rb:60:in `service'
  /Users/KevinShi/.rvm/rubies/ruby-2.2.0/lib/ruby/2.2.0/webrick/httpserver.rb:138:in `service'
  /Users/KevinShi/.rvm/rubies/ruby-2.2.0/lib/ruby/2.2.0/webrick/httpserver.rb:94:in `run'
  /Users/KevinShi/.rvm/rubies/ruby-2.2.0/lib/ruby/2.2.0/webrick/server.rb:294:in `block in start_thread'


  Rendered /Users/KevinShi/.rvm/gems/ruby-2.2.0/gems/actionpack-4.1.5/lib/action_dispatch/middleware/templates/rescues/_source.erb (0.7ms)
  Rendered /Users/KevinShi/.rvm/gems/ruby-2.2.0/gems/actionpack-4.1.5/lib/action_dispatch/middleware/templates/rescues/_trace.html.erb (1.2ms)
  Rendered /Users/KevinShi/.rvm/gems/ruby-2.2.0/gems/actionpack-4.1.5/lib/action_dispatch/middleware/templates/rescues/_request_and_response.html.erb (1.1ms)
  Rendered /Users/KevinShi/.rvm/gems/ruby-2.2.0/gems/actionpack-4.1.5/lib/action_dispatch/middleware/templates/rescues/diagnostics.erb within rescues/layout (65.7ms)
  Rendered /Users/KevinShi/.rvm/gems/ruby-2.2.0/gems/web-console-2.1.0/lib/web_console/templates/_markup.html (0.5ms)
  Rendered /Users/KevinShi/.rvm/gems/ruby-2.2.0/gems/web-console-2.1.0/lib/web_console/templates/style.css within layouts/inlined_string (0.5ms)
  Rendered /Users/KevinShi/.rvm/gems/ruby-2.2.0/gems/web-console-2.1.0/lib/web_console/templates/_inner_console_markup.html within layouts/inlined_string (0.4ms)
  Rendered /Users/KevinShi/.rvm/gems/ruby-2.2.0/gems/web-console-2.1.0/lib/web_console/templates/_prompt_box_markup.html within layouts/inlined_string (0.6ms)
  Rendered /Users/KevinShi/.rvm/gems/ruby-2.2.0/gems/web-console-2.1.0/lib/web_console/templates/console.js within layouts/javascript (61.4ms)
  Rendered /Users/KevinShi/.rvm/gems/ruby-2.2.0/gems/web-console-2.1.0/lib/web_console/templates/main.js within layouts/javascript (0.4ms)
  Rendered /Users/KevinShi/.rvm/gems/ruby-2.2.0/gems/web-console-2.1.0/lib/web_console/templates/error_page.js within layouts/javascript (0.6ms)
  Rendered /Users/KevinShi/.rvm/gems/ruby-2.2.0/gems/web-console-2.1.0/lib/web_console/templates/index.html (141.3ms)
  [1m[36m (1.2ms)[0m  [1mCREATE TABLE "schema_migrations" ("version" varchar(255) NOT NULL) [0m
  [1m[35m (0.1ms)[0m  select sqlite_version(*)
  [1m[36m (0.9ms)[0m  [1mCREATE UNIQUE INDEX "unique_schema_migrations" ON "schema_migrations" ("version")[0m
  [1m[35mActiveRecord::SchemaMigration Load (0.1ms)[0m  SELECT "schema_migrations".* FROM "schema_migrations"
Migrating to CreateUsers (20150302232135)
  [1m[36m (0.1ms)[0m  [1mbegin transaction[0m
  [1m[35m (0.5ms)[0m  CREATE TABLE "users" ("id" INTEGER PRIMARY KEY AUTOINCREMENT NOT NULL, "name" varchar(255), "email" varchar(255), "created_at" datetime, "updated_at" datetime) 
  [1m[36mSQL (0.2ms)[0m  [1mINSERT INTO "schema_migrations" ("version") VALUES (?)[0m  [["version", "20150302232135"]]
  [1m[35m (0.9ms)[0m  commit transaction
Migrating to Dogs (20151010053515)
  [1m[36m (0.1ms)[0m  [1mbegin transaction[0m
  [1m[35mSQL (0.2ms)[0m  INSERT INTO "schema_migrations" ("version") VALUES (?)  [["version", "20151010053515"]]
  [1m[36m (0.8ms)[0m  [1mcommit transaction[0m
Migrating to CreateDogs (20151010053537)
  [1m[35m (0.0ms)[0m  begin transaction
  [1m[36m (0.3ms)[0m  [1mCREATE TABLE "dogs" ("id" INTEGER PRIMARY KEY AUTOINCREMENT NOT NULL, "name" integer, "created_at" datetime, "updated_at" datetime) [0m
  [1m[35mSQL (0.1ms)[0m  INSERT INTO "schema_migrations" ("version") VALUES (?)  [["version", "20151010053537"]]
  [1m[36m (0.9ms)[0m  [1mcommit transaction[0m
  [1m[35mActiveRecord::SchemaMigration Load (0.1ms)[0m  SELECT "schema_migrations".* FROM "schema_migrations"


Started GET "/" for 127.0.0.1 at 2015-10-09 22:37:37 -0700
  [1m[36mActiveRecord::SchemaMigration Load (0.3ms)[0m  [1mSELECT "schema_migrations".* FROM "schema_migrations"[0m
Processing by Rails::WelcomeController#index as HTML
  Rendered /Users/KevinShi/.rvm/gems/ruby-2.2.0/gems/railties-4.1.5/lib/rails/templates/rails/welcome/index.html.erb (2.0ms)
Completed 200 OK in 19ms (Views: 9.5ms | ActiveRecord: 0.0ms)


Started GET "/" for 127.0.0.1 at 2015-10-09 22:37:38 -0700
Processing by Rails::WelcomeController#index as HTML
  Rendered /Users/KevinShi/.rvm/gems/ruby-2.2.0/gems/railties-4.1.5/lib/rails/templates/rails/welcome/index.html.erb (0.1ms)
Completed 200 OK in 2ms (Views: 2.0ms | ActiveRecord: 0.0ms)


Started GET "/" for 127.0.0.1 at 2015-10-09 22:37:38 -0700
Processing by Rails::WelcomeController#index as HTML
  Rendered /Users/KevinShi/.rvm/gems/ruby-2.2.0/gems/railties-4.1.5/lib/rails/templates/rails/welcome/index.html.erb (0.1ms)
Completed 200 OK in 3ms (Views: 2.2ms | ActiveRecord: 0.0ms)


Started GET "/" for 127.0.0.1 at 2015-10-09 22:37:39 -0700
Processing by Rails::WelcomeController#index as HTML
  Rendered /Users/KevinShi/.rvm/gems/ruby-2.2.0/gems/railties-4.1.5/lib/rails/templates/rails/welcome/index.html.erb (0.1ms)
Completed 200 OK in 2ms (Views: 2.0ms | ActiveRecord: 0.0ms)


Started GET "/" for 127.0.0.1 at 2015-10-09 22:37:40 -0700
Processing by Rails::WelcomeController#index as HTML
  Rendered /Users/KevinShi/.rvm/gems/ruby-2.2.0/gems/railties-4.1.5/lib/rails/templates/rails/welcome/index.html.erb (0.1ms)
Completed 200 OK in 3ms (Views: 2.1ms | ActiveRecord: 0.0ms)


Started GET "/" for 127.0.0.1 at 2015-10-09 22:37:40 -0700
Processing by Rails::WelcomeController#index as HTML
  Rendered /Users/KevinShi/.rvm/gems/ruby-2.2.0/gems/railties-4.1.5/lib/rails/templates/rails/welcome/index.html.erb (0.1ms)
Completed 200 OK in 3ms (Views: 2.7ms | ActiveRecord: 0.0ms)


Started GET "/" for 127.0.0.1 at 2015-10-09 22:37:40 -0700
Processing by Rails::WelcomeController#index as HTML
  Rendered /Users/KevinShi/.rvm/gems/ruby-2.2.0/gems/railties-4.1.5/lib/rails/templates/rails/welcome/index.html.erb (0.1ms)
Completed 200 OK in 3ms (Views: 2.4ms | ActiveRecord: 0.0ms)


Started GET "/" for 127.0.0.1 at 2015-10-09 22:37:41 -0700
Processing by Rails::WelcomeController#index as HTML
  Rendered /Users/KevinShi/.rvm/gems/ruby-2.2.0/gems/railties-4.1.5/lib/rails/templates/rails/welcome/index.html.erb (0.1ms)
Completed 200 OK in 2ms (Views: 2.0ms | ActiveRecord: 0.0ms)


Started GET "/" for 127.0.0.1 at 2015-10-09 22:37:41 -0700
Processing by Rails::WelcomeController#index as HTML
  Rendered /Users/KevinShi/.rvm/gems/ruby-2.2.0/gems/railties-4.1.5/lib/rails/templates/rails/welcome/index.html.erb (0.0ms)
Completed 200 OK in 2ms (Views: 1.8ms | ActiveRecord: 0.0ms)


Started GET "/" for 127.0.0.1 at 2015-10-09 22:37:41 -0700
Processing by Rails::WelcomeController#index as HTML
  Rendered /Users/KevinShi/.rvm/gems/ruby-2.2.0/gems/railties-4.1.5/lib/rails/templates/rails/welcome/index.html.erb (0.1ms)
Completed 200 OK in 2ms (Views: 2.1ms | ActiveRecord: 0.0ms)


Started GET "/" for 127.0.0.1 at 2015-10-09 22:37:41 -0700
Processing by Rails::WelcomeController#index as HTML
  Rendered /Users/KevinShi/.rvm/gems/ruby-2.2.0/gems/railties-4.1.5/lib/rails/templates/rails/welcome/index.html.erb (0.2ms)
Completed 200 OK in 6ms (Views: 5.3ms | ActiveRecord: 0.0ms)


Started GET "/" for 127.0.0.1 at 2015-10-09 22:37:41 -0700
Processing by Rails::WelcomeController#index as HTML
  Rendered /Users/KevinShi/.rvm/gems/ruby-2.2.0/gems/railties-4.1.5/lib/rails/templates/rails/welcome/index.html.erb (0.1ms)
Completed 200 OK in 4ms (Views: 3.6ms | ActiveRecord: 0.0ms)


Started GET "/" for 127.0.0.1 at 2015-10-09 22:37:41 -0700
Processing by Rails::WelcomeController#index as HTML
  Rendered /Users/KevinShi/.rvm/gems/ruby-2.2.0/gems/railties-4.1.5/lib/rails/templates/rails/welcome/index.html.erb (0.1ms)
Completed 200 OK in 4ms (Views: 3.6ms | ActiveRecord: 0.0ms)


Started GET "/" for 127.0.0.1 at 2015-10-09 22:37:42 -0700
Processing by Rails::WelcomeController#index as HTML
  Rendered /Users/KevinShi/.rvm/gems/ruby-2.2.0/gems/railties-4.1.5/lib/rails/templates/rails/welcome/index.html.erb (0.1ms)
Completed 200 OK in 5ms (Views: 4.6ms | ActiveRecord: 0.0ms)


Started GET "/" for 127.0.0.1 at 2015-10-09 22:37:42 -0700
Processing by Rails::WelcomeController#index as HTML
  Rendered /Users/KevinShi/.rvm/gems/ruby-2.2.0/gems/railties-4.1.5/lib/rails/templates/rails/welcome/index.html.erb (0.1ms)
Completed 200 OK in 2ms (Views: 1.9ms | ActiveRecord: 0.0ms)


Started GET "/" for 127.0.0.1 at 2015-10-09 22:37:42 -0700
Processing by Rails::WelcomeController#index as HTML
  Rendered /Users/KevinShi/.rvm/gems/ruby-2.2.0/gems/railties-4.1.5/lib/rails/templates/rails/welcome/index.html.erb (0.1ms)
Completed 200 OK in 2ms (Views: 2.2ms | ActiveRecord: 0.0ms)
